{"C:\\Users\\gisele.warma\\calculator-js\\src\\calc.js": {"path":"C:\\Users\\gisele.warma\\calculator-js\\src\\calc.js","statementMap":{"0":{"start":{"line":3,"column":12},"end":{"line":3,"column":24}},"1":{"start":{"line":3,"column":21},"end":{"line":3,"column":24}}},"fnMap":{"0":{"name":"(anonymous_0)","decl":{"start":{"line":3,"column":12},"end":{"line":3,"column":13}},"loc":{"start":{"line":3,"column":21},"end":{"line":3,"column":24}},"line":3}},"branchMap":{},"s":{"0":1,"1":1},"f":{"0":1},"b":{},"_coverageSchema":"1a1c01bbd47fc00a2c39e90264f33305004495a9","hash":"feb42e8db601f02ccb83e4cb31d23114b7f28f0e"}
}
